<?xml version="1.0" encoding="UTF-8"?>
<!-- Generated by org.testng.reporters.JUnitReportReporter -->
<testsuite hostname="DESKTOP-QG8CIRA" failures="0" tests="2" name="testFeature.RunnerClass" time="12.221" errors="0" timestamp="2024-03-09T22:43:08 IST" skipped="0">
  <testcase classname="testFeature.RunnerClass" name="runScenario" time="6.387"/>
  <system-out/>
  <testcase classname="testFeature.RunnerClass" name="runScenario" time="5.834"/>
  <system-out/>
</testsuite> <!-- testFeature.RunnerClass -->
