<?xml version="1.0" encoding="UTF-8"?>
<!-- Generated by org.testng.reporters.JUnitReportReporter -->
<testsuite hostname="DESKTOP-QG8CIRA" failures="0" tests="2" name="testFeature.RunnerClass" time="7.440" errors="0" timestamp="2024-03-09T22:55:54 IST" skipped="0">
  <testcase classname="testFeature.RunnerClass" name="runScenario" time="2.506"/>
  <system-out/>
  <testcase classname="testFeature.RunnerClass" name="runScenario" time="4.934"/>
  <system-out/>
</testsuite> <!-- testFeature.RunnerClass -->
